11/16/2022 14:33:16 | INFO    | Assigning network security security group(s) to subnet...
11/16/2022 14:33:16 | INFO    | Getting the subscription for the network security group nsg-snet-dns-cac-001.
11/16/2022 14:33:16 | INFO    | Validating if subscription hub-prod-001 exist.
11/16/2022 14:33:17 | INFO    | Setting the subscription hub-prod-001...
11/16/2022 14:33:18 | INFO    | Subscription hub-prod-001 is now selected.
11/16/2022 14:41:00 | INFO    | Assigning network security security group(s) to subnet...
11/16/2022 14:41:00 | INFO    | Getting the subscription for the network security group nsg-snet-dns-cac-001.
11/16/2022 14:41:00 | INFO    | Validating if subscription hub-prod-001 exist.
11/16/2022 14:41:01 | INFO    | Setting the subscription hub-prod-001...
11/16/2022 14:41:02 | INFO    | Subscription hub-prod-001 is now selected.
11/16/2022 14:41:02 | INFO    | Getting the network security group nsg-snet-dns-cac-001.
11/16/2022 14:41:02 | ERROR   | Unable to get the network security group nsg-snet-dns-cac-001.
11/16/2022 14:41:02 | ERROR   | It will not be possible to validate or assign the network securrity group nsg-snet-dns-cac-001 to subnet snet-dns-cac-001.
11/16/2022 14:41:58 | INFO    | Assigning network security security group(s) to subnet...
11/16/2022 14:41:58 | INFO    | Getting the subscription for the network security group nsg-snet-dns-cac-001.
11/16/2022 14:41:58 | INFO    | Validating if subscription hub-prod-001 exist.
11/16/2022 14:41:58 | INFO    | Setting the subscription hub-prod-001...
11/16/2022 14:41:59 | INFO    | Subscription hub-prod-001 is now selected.
11/16/2022 14:41:59 | INFO    | Getting the network security group nsg-snet-dns-cac-001.
11/16/2022 14:41:59 | INFO    | Getting the virtual network for subnet snet-dns-cac-001.
11/16/2022 14:41:59 | INFO    | Validating if subnet snet-dns-cac-001 exist.
11/16/2022 14:47:44 | INFO    | Assigning network security security group(s) to subnet...
11/16/2022 14:47:44 | INFO    | Getting the subscription for the network security group nsg-snet-dns-cac-001.
11/16/2022 14:47:44 | INFO    | Validating if subscription hub-prod-001 exist.
11/16/2022 14:47:45 | INFO    | Setting the subscription hub-prod-001...
11/16/2022 14:47:45 | INFO    | Subscription hub-prod-001 is now selected.
11/16/2022 14:47:45 | INFO    | Getting the network security group nsg-snet-dns-cac-001.
11/16/2022 14:47:46 | INFO    | Getting the virtual network for subnet snet-dns-cac-001.
11/16/2022 14:47:46 | INFO    | Getting the subnet snet-dns-cac-001.
11/16/2022 14:48:25 | INFO    | Network security group nsg-snet-dns-cac-001 is properly assign to subnet snet-dns-cac-001.
11/16/2022 14:55:51 | INFO    | Script begin.
11/16/2022 14:55:51 | INFO    | Validating if Azure module is already installed.
11/16/2022 14:55:53 | INFO    | Microsoft Azure PowerShell module is already installed.
11/16/2022 14:55:53 | INFO    | Connecting to Microsoft Azure...
11/16/2022 14:57:11 | INFO    | Successfully connected to Microsoft Azure.
11/16/2022 14:57:11 | INFO    | Creating network security group(s)...
11/16/2022 14:57:11 | INFO    | Validating if subscription hub-prod-001 exist.
11/16/2022 14:57:12 | INFO    | Setting the subscription hub-prod-001...
11/16/2022 14:57:12 | INFO    | Validating if network security group nsg-snet-dns-cac-001 exist.
11/16/2022 14:57:13 | INFO    | Validating if resource group rg-hub-prod-001 exist.
11/16/2022 14:57:13 | INFO    | Creating the network security group nsg-snet-dns-cac-001...
11/16/2022 14:57:17 | INFO    | Network security group nsg-snet-dns-cac-001 successfully created.
11/16/2022 14:57:17 | INFO    | Adding rule(s) to security group(s)...
11/16/2022 14:57:17 | INFO    | Getting the subscription for the network security group nsg-snet-dns-cac-001.
11/16/2022 14:57:17 | INFO    | Validating if subscription hub-prod-001 exist.
11/16/2022 14:57:18 | INFO    | Setting the subscription hub-prod-001...
11/16/2022 14:57:19 | INFO    | Subscription hub-prod-001 is now selected.
11/16/2022 14:57:19 | INFO    | Getting the network security group nsg-snet-dns-cac-001 for rule AllowDNS.
11/16/2022 14:57:19 | INFO    | Validating if security rule AllowDNS exist in network security group nsg-snet-dns-cac-001.
11/16/2022 14:57:19 | INFO    | Creating security rule AllowDNS in network security group nsg-snet-dns-cac-001...
11/16/2022 14:57:24 | INFO    | Security rule AllowDNS successfully created in network security group nsg-snet-dns-cac-001.
11/16/2022 14:57:24 | INFO    | Assigning network security security group(s) to subnet...
11/16/2022 14:57:24 | INFO    | Getting the subscription for the network security group nsg-snet-dns-cac-001.
11/16/2022 14:57:24 | INFO    | Validating if subscription hub-prod-001 exist.
11/16/2022 14:57:24 | INFO    | Setting the subscription hub-prod-001...
11/16/2022 14:57:25 | INFO    | Subscription hub-prod-001 is now selected.
11/16/2022 14:57:25 | INFO    | Getting the network security group nsg-snet-dns-cac-001.
11/16/2022 14:57:25 | INFO    | Getting the virtual network for subnet snet-dns-cac-001.
11/16/2022 14:57:26 | INFO    | Getting the subnet snet-dns-cac-001.
11/16/2022 14:57:26 | INFO    | Assigning the network security group vnet-hub-cac-001 to subnet snet-dns-cac-001...
11/16/2022 14:57:31 | INFO    | Network security group vnet-hub-cac-001 successfully assigned to subnet snet-dns-cac-001...
11/16/2022 15:18:02 | INFO    | Creating network security group(s)...
11/16/2022 15:18:02 | INFO    | Validating if subscription hub-prod-001 exist.
11/16/2022 15:18:02 | INFO    | Setting the subscription hub-prod-001...
11/16/2022 15:18:03 | INFO    | Validating if network security group nsg-snet-dns-cac-001 exist.
11/16/2022 15:18:03 | INFO    | Network security group nsg-snet-dns-cac-001 exist.
11/16/2022 15:18:03 | INFO    | Network security group nsg-snet-dns-cac-001 is properly configured.
11/16/2022 15:18:03 | INFO    | Adding rule(s) to security group(s)...
11/16/2022 15:18:03 | INFO    | Getting the subscription for the network security group nsg-snet-dns-cac-001.
11/16/2022 15:18:03 | INFO    | Validating if subscription hub-prod-001 exist.
11/16/2022 15:18:04 | INFO    | Setting the subscription hub-prod-001...
11/16/2022 15:18:05 | INFO    | Subscription hub-prod-001 is now selected.
11/16/2022 15:18:05 | INFO    | Getting the network security group nsg-snet-dns-cac-001 for rule AllowDNS.
11/16/2022 15:18:05 | INFO    | Validating if security rule AllowDNS exist in network security group nsg-snet-dns-cac-001.
11/16/2022 15:18:05 | INFO    | Security rule AllowDNS exist in network security group nsg-snet-dns-cac-001.
11/16/2022 15:18:05 | INFO    | Security rule AllowDNS in network security group nsg-snet-dns-cac-001 is properly configured.
11/16/2022 15:18:05 | INFO    | Assigning network security security group(s) to subnet...
11/16/2022 15:18:05 | INFO    | Getting the subscription for the network security group nsg-snet-dns-cac-001.
11/16/2022 15:18:05 | INFO    | Validating if subscription hub-prod-001 exist.
11/16/2022 15:18:06 | INFO    | Setting the subscription hub-prod-001...
11/16/2022 15:18:06 | INFO    | Subscription hub-prod-001 is now selected.
11/16/2022 15:18:06 | INFO    | Getting the network security group nsg-snet-dns-cac-001.
11/16/2022 15:18:07 | INFO    | Getting the virtual network for subnet snet-dns-cac-001.
11/16/2022 15:18:07 | INFO    | Getting the subnet snet-dns-cac-001.
11/16/2022 15:18:07 | INFO    | Network security group nsg-snet-dns-cac-001 is properly assign to subnet snet-dns-cac-001.
11/16/2022 15:19:43 | INFO    | Creating network security group(s)...
11/16/2022 15:19:43 | INFO    | Validating if subscription hub-prod-001 exist.
11/16/2022 15:19:44 | INFO    | Setting the subscription hub-prod-001...
11/16/2022 15:19:44 | INFO    | Validating if network security group nsg-snet-dns-cac-001 exist.
11/16/2022 15:19:45 | INFO    | Validating if resource group rg-hub-prod-001 exist.
11/16/2022 15:19:45 | INFO    | Creating the network security group nsg-snet-dns-cac-001...
11/16/2022 15:19:49 | INFO    | Network security group nsg-snet-dns-cac-001 successfully created.
11/16/2022 15:19:49 | INFO    | Adding rule(s) to security group(s)...
11/16/2022 15:19:49 | INFO    | Getting the subscription for the network security group nsg-snet-dns-cac-001.
11/16/2022 15:19:49 | INFO    | Validating if subscription hub-prod-001 exist.
11/16/2022 15:19:50 | INFO    | Setting the subscription hub-prod-001...
11/16/2022 15:19:51 | INFO    | Subscription hub-prod-001 is now selected.
11/16/2022 15:19:51 | INFO    | Getting the network security group nsg-snet-dns-cac-001 for rule AllowDNS.
11/16/2022 15:19:51 | INFO    | Validating if security rule AllowDNS exist in network security group nsg-snet-dns-cac-001.
11/16/2022 15:19:51 | INFO    | Creating security rule AllowDNS in network security group nsg-snet-dns-cac-001...
11/16/2022 15:19:55 | INFO    | Security rule AllowDNS successfully created in network security group nsg-snet-dns-cac-001.
11/16/2022 15:19:55 | INFO    | Assigning network security security group(s) to subnet...
11/16/2022 15:19:55 | INFO    | Getting the subscription for the network security group nsg-snet-dns-cac-001.
11/16/2022 15:19:55 | INFO    | Validating if subscription hub-prod-001 exist.
11/16/2022 15:19:56 | INFO    | Setting the subscription hub-prod-001...
11/16/2022 15:19:56 | INFO    | Subscription hub-prod-001 is now selected.
11/16/2022 15:19:56 | INFO    | Getting the network security group nsg-snet-dns-cac-001.
11/16/2022 15:19:57 | INFO    | Getting the virtual network for subnet snet-dns-cac-001.
11/16/2022 15:19:57 | INFO    | Getting the subnet snet-dns-cac-001.
11/16/2022 15:19:57 | INFO    | Assigning the network security group vnet-hub-cac-001 to subnet snet-dns-cac-001...
11/16/2022 15:20:02 | INFO    | Network security group vnet-hub-cac-001 successfully assigned to subnet snet-dns-cac-001...
11/16/2022 15:20:37 | INFO    | Creating network security group(s)...
11/16/2022 15:20:37 | INFO    | Validating if subscription hub-prod-001 exist.
11/16/2022 15:20:38 | INFO    | Setting the subscription hub-prod-001...
11/16/2022 15:20:39 | INFO    | Validating if network security group nsg-snet-dns-cac-001 exist.
11/16/2022 15:20:39 | INFO    | Network security group nsg-snet-dns-cac-001 exist.
11/16/2022 15:20:39 | INFO    | Network security group nsg-snet-dns-cac-001 is properly configured.
11/16/2022 15:20:39 | INFO    | Adding rule(s) to security group(s)...
11/16/2022 15:20:39 | INFO    | Getting the subscription for the network security group nsg-snet-dns-cac-001.
11/16/2022 15:20:39 | INFO    | Validating if subscription hub-prod-001 exist.
11/16/2022 15:20:40 | INFO    | Setting the subscription hub-prod-001...
11/16/2022 15:20:40 | INFO    | Subscription hub-prod-001 is now selected.
11/16/2022 15:20:40 | INFO    | Getting the network security group nsg-snet-dns-cac-001 for rule AllowDNS.
11/16/2022 15:20:41 | INFO    | Validating if security rule AllowDNS exist in network security group nsg-snet-dns-cac-001.
11/16/2022 15:20:41 | INFO    | Security rule AllowDNS exist in network security group nsg-snet-dns-cac-001.
11/16/2022 15:20:41 | INFO    | Security rule AllowDNS in network security group nsg-snet-dns-cac-001 is properly configured.
11/16/2022 15:20:41 | INFO    | Assigning network security security group(s) to subnet...
11/16/2022 15:20:41 | INFO    | Getting the subscription for the network security group nsg-snet-dns-cac-002.
11/16/2022 15:20:41 | INFO    | Unable to get the subscription name for the network security group nsg-snet-dns-cac-002.
11/16/2022 15:20:41 | ERROR   | It will not be possible to validate or assign the network security group nsg-snet-dns-cac-002 to subnet snet-dns-cac-001.
